<?xml version="1.0" encoding="UTF-8"?>
<!-- Generated by org.testng.reporters.JUnitXMLReporter -->
<testsuite ignored="0" hostname="DESKTOP-2C5N2EA" failures="1" tests="2" name="Default test" time="13.09" errors="0" timestamp="2026-03-10T15:38:45 IST">
  <testcase classname="io.cucumber.testng.AbstractTestNGCucumberTests" name="runScenario" time="9.632">
    <failure type="org.openqa.selenium.ElementClickInterceptedException" message="element click intercepted: Element &amp;lt;span _ngcontent-ng-c2105395647=&amp;quot;&amp;quot; class=&amp;quot;menu-title menu-top-title show-top-title-const&amp;quot;&amp;gt;...&amp;lt;/span&amp;gt; is not clickable at point (121, 175). Other element would receive the click: &amp;lt;div class=&amp;quot;swal2-container swal2-center swal2-backdrop-show&amp;quot; data-swal2-theme=&amp;quot;light&amp;quot; style=&amp;quot;overflow-y: auto;&amp;quot;&amp;gt;...&amp;lt;/div&amp;gt;
  (Session info: chrome=145.0.7632.160)
Build info: version: &amp;apos;4.40.0&amp;apos;, revision: &amp;apos;b3333f1&amp;apos;
System info: os.name: &amp;apos;Windows 10&amp;apos;, os.arch: &amp;apos;amd64&amp;apos;, os.version: &amp;apos;10.0&amp;apos;, java.version: &amp;apos;21.0.10&amp;apos;
Driver info: org.openqa.selenium.chrome.ChromeDriver
Command: [7448232cb10c362f7ddf6bdc380b2caf, clickElement {id=f.B147B2F746588C9B70508B41F5334243.d.B1CBFE6C771BC08E76932BFE5F6B5554.e.399}]
Capabilities {acceptInsecureCerts: false, browserName: chrome, browserVersion: 145.0.7632.160, chrome: {chromedriverVersion: 145.0.7632.117 (de4e5d6e13b..., userDataDir: C:\Users\Admin\AppData\Loca...}, fedcm:accounts: true, goog:chromeOptions: {debuggerAddress: localhost:59826}, goog:processID: 1884, networkConnectionEnabled: false, pageLoadStrategy: normal, platformName: windows, proxy: Proxy(), se:cdp: ws://localhost:59826/devtoo..., se:cdpVersion: 145.0.7632.160, setWindowRect: true, strictFileInteractability: false, timeouts: {implicit: 0, pageLoad: 300000, script: 30000}, unhandledPromptBehavior: dismiss and notify, webauthn:extension:credBlob: true, webauthn:extension:largeBlob: true, webauthn:extension:minPinLength: true, webauthn:extension:prf: true, webauthn:virtualAuthenticators: true}
Element: [[ChromeDriver: chrome on windows (7448232cb10c362f7ddf6bdc380b2caf)] -&amp;gt; xpath: //span[normalize-space()=&amp;apos;Entry Forms&amp;apos;][1]]
Session ID: 7448232cb10c362f7ddf6bdc380b2caf">
      <![CDATA[org.openqa.selenium.ElementClickInterceptedException: element click intercepted: Element <span _ngcontent-ng-c2105395647="" class="menu-title menu-top-title show-top-title-const">...</span> is not clickable at point (121, 175). Other element would receive the click: <div class="swal2-container swal2-center swal2-backdrop-show" data-swal2-theme="light" style="overflow-y: auto;">...</div>
  (Session info: chrome=145.0.7632.160)
Build info: version: '4.40.0', revision: 'b3333f1'
System info: os.name: 'Windows 10', os.arch: 'amd64', os.version: '10.0', java.version: '21.0.10'
Driver info: org.openqa.selenium.chrome.ChromeDriver
Command: [7448232cb10c362f7ddf6bdc380b2caf, clickElement {id=f.B147B2F746588C9B70508B41F5334243.d.B1CBFE6C771BC08E76932BFE5F6B5554.e.399}]
Capabilities {acceptInsecureCerts: false, browserName: chrome, browserVersion: 145.0.7632.160, chrome: {chromedriverVersion: 145.0.7632.117 (de4e5d6e13b..., userDataDir: C:\Users\Admin\AppData\Loca...}, fedcm:accounts: true, goog:chromeOptions: {debuggerAddress: localhost:59826}, goog:processID: 1884, networkConnectionEnabled: false, pageLoadStrategy: normal, platformName: windows, proxy: Proxy(), se:cdp: ws://localhost:59826/devtoo..., se:cdpVersion: 145.0.7632.160, setWindowRect: true, strictFileInteractability: false, timeouts: {implicit: 0, pageLoad: 300000, script: 30000}, unhandledPromptBehavior: dismiss and notify, webauthn:extension:credBlob: true, webauthn:extension:largeBlob: true, webauthn:extension:minPinLength: true, webauthn:extension:prf: true, webauthn:virtualAuthenticators: true}
Element: [[ChromeDriver: chrome on windows (7448232cb10c362f7ddf6bdc380b2caf)] -> xpath: //span[normalize-space()='Entry Forms'][1]]
Session ID: 7448232cb10c362f7ddf6bdc380b2caf
at org.openqa.selenium.remote.ErrorCodec.decode(ErrorCodec.java:169)
at org.openqa.selenium.remote.codec.w3c.W3CHttpResponseCodec.decode(W3CHttpResponseCodec.java:142)
at org.openqa.selenium.remote.codec.w3c.W3CHttpResponseCodec.decode(W3CHttpResponseCodec.java:49)
at org.openqa.selenium.remote.HttpCommandExecutor.execute(HttpCommandExecutor.java:223)
at org.openqa.selenium.remote.service.DriverCommandExecutor.invokeExecute(DriverCommandExecutor.java:216)
at org.openqa.selenium.remote.service.DriverCommandExecutor.execute(DriverCommandExecutor.java:174)
at org.openqa.selenium.remote.RemoteWebDriver.execute(RemoteWebDriver.java:601)
at org.openqa.selenium.remote.RemoteWebElement.execute(RemoteWebElement.java:223)
at org.openqa.selenium.remote.RemoteWebElement.click(RemoteWebElement.java:76)
at com.BALCO_Project.pom.AnodeCathodeDistance.clickMenu(AnodeCathodeDistance.java:36)
at com.BALCO_Project.stepDefinitions.AnodeCathodeDistance_Step.user_clicks_process_control(AnodeCathodeDistance_Step.java:22)
at ✽.User clicks Process Control(file:///C:/Users/Admin/eclipse-workspace/BALCO_Project/src/test/resources/Feature/AnodeCathodeDistance.feature:10)
]]>
    </failure>
  </testcase> <!-- runScenario -->
  <testcase classname="io.cucumber.testng.AbstractTestNGCucumberTests" name="runScenario" time="2.612"/>
</testsuite> <!-- Default test -->
