<?xml version="1.0" encoding="UTF-8"?>
<!-- Generated by org.testng.reporters.JUnitReportReporter -->
<testsuite hostname="DESKTOP-2C5N2EA" failures="0" tests="2" name="com.BALCO_Project.runner.TestRunner" time="12.244" errors="1" timestamp="2026-03-10T15:38:45 IST" skipped="0">
  <testcase classname="com.BALCO_Project.runner.TestRunner" name="runScenario" time="9.632">
    <error message="element click intercepted: Element &lt;span _ngcontent-ng-c2105395647=&quot;&quot; class=&quot;menu-title menu-top-title show-top-title-const&quot;&gt;...&lt;/span&gt; is not clickable at point (121, 175). Other element would receive the click: &lt;div class=&quot;swal2-container swal2-center swal2-backdrop-show&quot; data-swal2-theme=&quot;light&quot; style=&quot;overflow-y: auto;&quot;&gt;...&lt;/div&gt;
  (Session info: chrome=145.0.7632.160)
Build info: version: &#039;4.40.0&#039;, revision: &#039;b3333f1&#039;
System info: os.name: &#039;Windows 10&#039;, os.arch: &#039;amd64&#039;, os.version: &#039;10.0&#039;, java.version: &#039;21.0.10&#039;
Driver info: org.openqa.selenium.chrome.ChromeDriver
Command: [7448232cb10c362f7ddf6bdc380b2caf, clickElement {id=f.B147B2F746588C9B70508B41F5334243.d.B1CBFE6C771BC08E76932BFE5F6B5554.e.399}]
Capabilities {acceptInsecureCerts: false, browserName: chrome, browserVersion: 145.0.7632.160, chrome: {chromedriverVersion: 145.0.7632.117 (de4e5d6e13b..., userDataDir: C:\Users\Admin\AppData\Loca...}, fedcm:accounts: true, goog:chromeOptions: {debuggerAddress: localhost:59826}, goog:processID: 1884, networkConnectionEnabled: false, pageLoadStrategy: normal, platformName: windows, proxy: Proxy(), se:cdp: ws://localhost:59826/devtoo..., se:cdpVersion: 145.0.7632.160, setWindowRect: true, strictFileInteractability: false, timeouts: {implicit: 0, pageLoad: 300000, script: 30000}, unhandledPromptBehavior: dismiss and notify, webauthn:extension:credBlob: true, webauthn:extension:largeBlob: true, webauthn:extension:minPinLength: true, webauthn:extension:prf: true, webauthn:virtualAuthenticators: true}
Element: [[ChromeDriver: chrome on windows (7448232cb10c362f7ddf6bdc380b2caf)] -&gt; xpath: //span[normalize-space()=&#039;Entry Forms&#039;][1]]
Session ID: 7448232cb10c362f7ddf6bdc380b2caf" type="org.openqa.selenium.ElementClickInterceptedException">
      <![CDATA[org.openqa.selenium.ElementClickInterceptedException: element click intercepted: Element <span _ngcontent-ng-c2105395647="" class="menu-title menu-top-title show-top-title-const">...</span> is not clickable at point (121, 175). Other element would receive the click: <div class="swal2-container swal2-center swal2-backdrop-show" data-swal2-theme="light" style="overflow-y: auto;">...</div>
  (Session info: chrome=145.0.7632.160)
Build info: version: '4.40.0', revision: 'b3333f1'
System info: os.name: 'Windows 10', os.arch: 'amd64', os.version: '10.0', java.version: '21.0.10'
Driver info: org.openqa.selenium.chrome.ChromeDriver
Command: [7448232cb10c362f7ddf6bdc380b2caf, clickElement {id=f.B147B2F746588C9B70508B41F5334243.d.B1CBFE6C771BC08E76932BFE5F6B5554.e.399}]
Capabilities {acceptInsecureCerts: false, browserName: chrome, browserVersion: 145.0.7632.160, chrome: {chromedriverVersion: 145.0.7632.117 (de4e5d6e13b..., userDataDir: C:\Users\Admin\AppData\Loca...}, fedcm:accounts: true, goog:chromeOptions: {debuggerAddress: localhost:59826}, goog:processID: 1884, networkConnectionEnabled: false, pageLoadStrategy: normal, platformName: windows, proxy: Proxy(), se:cdp: ws://localhost:59826/devtoo..., se:cdpVersion: 145.0.7632.160, setWindowRect: true, strictFileInteractability: false, timeouts: {implicit: 0, pageLoad: 300000, script: 30000}, unhandledPromptBehavior: dismiss and notify, webauthn:extension:credBlob: true, webauthn:extension:largeBlob: true, webauthn:extension:minPinLength: true, webauthn:extension:prf: true, webauthn:virtualAuthenticators: true}
Element: [[ChromeDriver: chrome on windows (7448232cb10c362f7ddf6bdc380b2caf)] -> xpath: //span[normalize-space()='Entry Forms'][1]]
Session ID: 7448232cb10c362f7ddf6bdc380b2caf
at org.openqa.selenium.remote.ErrorCodec.decode(ErrorCodec.java:169)
at org.openqa.selenium.remote.codec.w3c.W3CHttpResponseCodec.decode(W3CHttpResponseCodec.java:142)
at org.openqa.selenium.remote.codec.w3c.W3CHttpResponseCodec.decode(W3CHttpResponseCodec.java:49)
at org.openqa.selenium.remote.HttpCommandExecutor.execute(HttpCommandExecutor.java:223)
at org.openqa.selenium.remote.service.DriverCommandExecutor.invokeExecute(DriverCommandExecutor.java:216)
at org.openqa.selenium.remote.service.DriverCommandExecutor.execute(DriverCommandExecutor.java:174)
at org.openqa.selenium.remote.RemoteWebDriver.execute(RemoteWebDriver.java:601)
at org.openqa.selenium.remote.RemoteWebElement.execute(RemoteWebElement.java:223)
at org.openqa.selenium.remote.RemoteWebElement.click(RemoteWebElement.java:76)
at com.BALCO_Project.pom.AnodeCathodeDistance.clickMenu(AnodeCathodeDistance.java:36)
at com.BALCO_Project.stepDefinitions.AnodeCathodeDistance_Step.user_clicks_process_control(AnodeCathodeDistance_Step.java:22)
at ✽.User clicks Process Control(file:///C:/Users/Admin/eclipse-workspace/BALCO_Project/src/test/resources/Feature/AnodeCathodeDistance.feature:10)
]]>
    </error>
  </testcase> <!-- runScenario -->
  <testcase classname="com.BALCO_Project.runner.TestRunner" name="runScenario" time="2.612"/>
</testsuite> <!-- com.BALCO_Project.runner.TestRunner -->
